2025-06-08 20:46:05.137661 - User: user1 - Path: /api/messages/
2025-06-08 20:46:10.650149 - User: user1 - Path: /api/messages/
2025-06-08 20:46:14.492258 - User: user1 - Path: /api/messages/
2025-06-08 21:05:28.242170 - User: user1 - Path: /api/messages/
2025-06-12 17:12:42.810437 - User: Anonymous - Path: /
2025-06-12 17:12:44.105433 - User: Anonymous - Path: /favicon.ico
2025-06-12 17:33:05.177986 - User: Anonymous - Path: /
2025-06-12 17:33:07.060070 - User: Anonymous - Path: /favicon.ico
2025-06-12 17:33:28.682923 - User: Anonymous - Path: /api/messages/
2025-06-12 17:33:30.467701 - User: Anonymous - Path: /api/
2025-06-12 17:33:31.018691 - User: Anonymous - Path: /api/
2025-06-12 17:33:31.426067 - User: Anonymous - Path: /favicon.ico
2025-06-12 17:33:53.667028 - User: Anonymous - Path: /api/
2025-06-12 17:33:54.333465 - User: Anonymous - Path: /favicon.ico
2025-06-12 17:34:06.870001 - User: Anonymous - Path: /
2025-06-12 17:34:21.135852 - User: Anonymous - Path: /api/token/
2025-06-12 17:34:43.688195 - User: Anonymous - Path: /api/token/
2025-06-13 10:38:52.232240 - User: Anonymous - Path: /
2025-06-13 10:38:53.348601 - User: Anonymous - Path: /favicon.ico
2025-06-13 10:39:13.050099 - User: Anonymous - Path: /api/
2025-06-13 10:39:48.495786 - User: Anonymous - Path: /api/token/
2025-06-13 10:40:04.699373 - User: Anonymous - Path: /api/token/
2025-06-13 10:40:27.822521 - User: Anonymous - Path: /api/
2025-06-13 10:40:28.260590 - User: Anonymous - Path: /api/
2025-06-13 10:42:13.891408 - User: Anonymous - Path: /api/token/
2025-06-13 10:44:20.365493 - User: Anonymous - Path: /api/
2025-06-13 10:44:21.576716 - User: Anonymous - Path: /api/
2025-06-13 10:44:27.479364 - User: Anonymous - Path: /api-auth/login/
2025-06-13 10:44:42.563754 - User: Anonymous - Path: /api-auth/login/
2025-06-13 10:44:43.121570 - User: user4 - Path: /api/
2025-06-13 10:44:53.033280 - User: user4 - Path: /api/conversations/
2025-06-13 10:46:35.180992 - User: user4 - Path: /api/conversations/
2025-06-13 10:48:23.108523 - User: user4 - Path: /api/conversations/
2025-06-13 10:48:52.192150 - User: user4 - Path: /api/conversations/
2025-06-13 10:49:33.871352 - User: user4 - Path: /api/conversations/
2025-06-13 10:52:01.554216 - User: user4 - Path: /api/conversations/
2025-06-13 10:55:06.116149 - User: user4 - Path: /api/conversations/
2025-06-13 10:55:42.159032 - User: user4 - Path: /api/messages/
2025-06-13 10:59:45.644734 - User: user4 - Path: /api/messages/
2025-06-13 11:01:11.782176 - User: user4 - Path: /api/
2025-06-13 11:01:13.733083 - User: user4 - Path: /api/notifications/
2025-06-13 11:01:59.696059 - User: user4 - Path: /api/messages/
2025-06-13 11:07:24.161070 - User: user4 - Path: /api/messages/
2025-06-13 11:13:03.884577 - User: user4 - Path: /api/messages/
2025-06-13 11:13:22.294222 - User: user4 - Path: /api/messages/
2025-06-13 11:13:59.335704 - User: user4 - Path: /api/messages/
2025-06-13 11:14:57.104381 - User: user4 - Path: /api-auth/logout/
2025-06-13 11:14:57.132813 - User: Anonymous - Path: /api/messages/
2025-06-13 11:14:58.535033 - User: Anonymous - Path: /api-auth/login/
2025-06-13 11:15:07.559737 - User: Anonymous - Path: /api-auth/login/
2025-06-13 11:15:08.159758 - User: user2 - Path: /api/messages/
2025-06-13 11:15:13.884083 - User: user2 - Path: /api/
2025-06-13 11:15:16.049202 - User: user2 - Path: /api/notifications/
2025-06-13 11:22:16.111177 - User: Anonymous - Path: /api/notifications/
2025-06-13 11:22:18.442537 - User: Anonymous - Path: /api-auth/login/
2025-06-13 11:22:31.636699 - User: Anonymous - Path: /api-auth/login/
2025-06-13 11:22:32.232514 - User: user2 - Path: /api/notifications/
2025-06-13 11:23:13.150458 - User: user2 - Path: /api/notifications/
2025-06-13 11:37:07.643771 - User: user2 - Path: /api/
2025-06-13 11:37:31.976398 - User: user2 - Path: /api/users/
2025-06-13 11:37:49.470020 - User: user2 - Path: /api/users/delete/
2025-06-13 11:39:59.151747 - User: user2 - Path: /api/users/8bd84c68-ff7f-4105-96d9-ae36b3ef401e/delete/
2025-06-13 11:57:36.510777 - User: user2 - Path: /api/users/
2025-06-13 11:57:50.022405 - User: user2 - Path: /api/users/delete_user/
2025-06-13 13:00:32.890119 - User: user2 - Path: /api/
2025-06-13 13:00:35.724728 - User: user2 - Path: /api/messages/
2025-06-13 13:00:59.414044 - User: user2 - Path: /api/messages/fd9da96e-a944-4c57-be04-30551c2f4047
2025-06-13 13:00:59.435589 - User: user2 - Path: /api/messages/fd9da96e-a944-4c57-be04-30551c2f4047/
2025-06-13 13:01:17.282112 - User: user2 - Path: /api-auth/logout/
2025-06-13 13:01:17.305444 - User: Anonymous - Path: /api/messages/fd9da96e-a944-4c57-be04-30551c2f4047/
2025-06-13 13:01:18.310060 - User: Anonymous - Path: /api-auth/login/
2025-06-13 13:01:27.284351 - User: Anonymous - Path: /api-auth/login/
2025-06-13 13:01:27.844121 - User: user1 - Path: /api/messages/fd9da96e-a944-4c57-be04-30551c2f4047/
2025-06-13 13:01:39.410930 - User: user1 - Path: /api/messages/fd9da96e-a944-4c57-be04-30551c2f4047/
2025-06-13 13:01:49.048110 - User: user1 - Path: /api/messages/
2025-06-13 13:02:11.267767 - User: user1 - Path: /api/
2025-06-13 13:02:12.744736 - User: user1 - Path: /api/conversations/
2025-06-13 13:02:48.935347 - User: user1 - Path: /api/
2025-06-13 13:02:50.736663 - User: user1 - Path: /api/users/
2025-06-13 13:02:58.743601 - User: user1 - Path: /api/messages/
2025-06-13 13:03:13.674309 - User: user1 - Path: /api-auth/logout/
2025-06-13 13:03:13.697534 - User: Anonymous - Path: /api/messages/
2025-06-13 13:03:15.517756 - User: Anonymous - Path: /api-auth/login/
2025-06-13 13:03:27.292688 - User: Anonymous - Path: /api-auth/login/
2025-06-13 13:03:27.878668 - User: user2 - Path: /api/messages/
2025-06-13 13:03:33.489807 - User: user2 - Path: /api-auth/logout/
2025-06-13 13:03:33.517995 - User: Anonymous - Path: /api/messages/
